<?xml version="1.0" encoding="UTF-8"?>
<!-- Generated by org.testng.reporters.JUnitReportReporter -->
<testsuite skipped="0" hostname="DESKTOP-I75CK6E" name="com.facebook.tests.LoginTest" tests="1" failures="0" timestamp="2021-05-22T19:29:23 IST" time="57.902" errors="0">
  <testcase name="performLogin" time="57.902" classname="com.facebook.tests.LoginTest"/>
  <system-out/>
</testsuite> <!-- com.facebook.tests.LoginTest -->
