<?xml version="1.0" encoding="UTF-8"?>
<!-- Generated by org.testng.reporters.JUnitReportReporter -->
<testsuite skipped="0" hostname="DESKTOP-I75CK6E" name="com.facebook.tests.LoginTest" tests="1" failures="0" timestamp="2021-06-05T22:27:28 IST" time="39.126" errors="0">
  <testcase name="performLogin" time="39.126" classname="com.facebook.tests.LoginTest"/>
  <system-out/>
</testsuite> <!-- com.facebook.tests.LoginTest -->
