<?xml version="1.0" encoding="UTF-8"?>
<!-- Generated by org.testng.reporters.JUnitReportReporter -->
<testsuite skipped="0" hostname="DESKTOP-I75CK6E" name="com.facebook.tests.LoginTest" tests="1" failures="0" timestamp="06 Jun 2021 07:04:00 GMT" time="33.084" errors="0">
  <testcase name="performLogin" time="33.084" classname="com.facebook.tests.LoginTest"/>
</testsuite> <!-- com.facebook.tests.LoginTest -->
